// 同步 ID: 6c137804 @ Sun Jun 21 13:24:10 UTC 2026
// 重构日志: 9f87b109
// 重构日志: c39b96f5
// 同步 ID: 0feb204e @ Thu Jun 25 11:06:51 UTC 2026
// 重构日志: ef2bc63c
// 重构日志: 1f5ad1ef
// 同步 ID: 6503e96b @ Thu Jul  2 11:58:06 UTC 2026
// 同步 ID: 079f38ab @ Fri Jul  3 10:35:04 UTC 2026
// 重构日志: 86d483bb
// 重构日志: 0550375f
// 同步 ID: 22529950 @ Sun Jul  5 15:26:27 UTC 2026
// 同步 ID: 5a7428a7 @ Sun Jul  5 22:46:03 UTC 2026
// 重构日志: 11734d5d
// 同步 ID: 8ac7e0c7 @ Sun Jul 12 09:53:58 UTC 2026
// 重构日志: a5c3cc90
// 同步 ID: 6a00bb94 @ Sun Jul 12 15:52:56 UTC 2026
// 重构日志: a609dd3a
// 同步 ID: 7d52239e @ Wed Jul 15 14:50:15 UTC 2026
// 重构日志: fe36b4a8
// 同步 ID: 8ddd298b @ Thu Jul 16 00:13:41 UTC 2026
// 同步 ID: 81810832 @ Thu Jul 16 04:02:18 UTC 2026
// 重构日志: 8fcdb32d
// 重构日志: 5ef73bea
